
> waitplay-app@0.1.0 build
> next build

   ▲ Next.js 16.0.7 (Turbopack)
   - Environments: .env.production

   Creating an optimized production build ...

> Build error occurred
Error: Turbopack build failed with 5 errors:
./src/game/GameManager.ts:5:1
Export default doesn't exist in target module
[0m [90m 3 |[39m [90m */[39m
 [90m 4 |[39m
[31m[1m>[22m[39m[90m 5 |[39m [36mimport[39m [33mPhaser[39m [36mfrom[39m [32m'phaser'[39m[33m;[39m
 [90m   |[39m [31m[1m^[22m[39m[31m[1m^[22m[39m[31m[1m^[22m[39m[31m[1m^[22m[39m[31m[1m^[22m[39m[31m[1m^[22m[39m[31m[1m^[22m[39m[31m[1m^[22m[39m[31m[1m^[22m[39m[31m[1m^[22m[39m[31m[1m^[22m[39m[31m[1m^[22m[39m[31m[1m^[22m[39m[31m[1m^[22m[39m[31m[1m^[22m[39m[31m[1m^[22m[39m[31m[1m^[22m[39m[31m[1m^[22m[39m[31m[1m^[22m[39m[31m[1m^[22m[39m[31m[1m^[22m[39m[31m[1m^[22m[39m[31m[1m^[22m[39m[31m[1m^[22m[39m[31m[1m^[22m[39m[31m[1m^[22m[39m[31m[1m^[22m[39m[31m[1m^[22m[39m
 [90m 6 |[39m [36mimport[39m { [33mGAME_CONFIG[39m[33m,[39m [33mGameType[39m } [36mfrom[39m [32m'./config'[39m[33m;[39m
 [90m 7 |[39m [36mimport[39m { [33mPinballScene[39m } [36mfrom[39m [32m'./scenes/PinballScene'[39m[33m;[39m
 [90m 8 |[39m [36mimport[39m { [33mMatchScene[39m } [36mfrom[39m [32m'./scenes/MatchScene'[39m[33m;[39m[0m

The export default was not found in module [project]/node_modules/phaser/dist/phaser.esm.js [app-ssr] (ecmascript).
Did you mean to import Create?
All exports of the module are statically known (It doesn't have dynamic exports). So it's known statically that the requested export doesn't exist.

Import traces:
  Client Component Browser:
    ./src/game/GameManager.ts [Client Component Browser]
    ./src/components/game/GameContainer.tsx [Client Component Browser]
    ./app/(customer)/store/[storeId]/games/play/page.tsx [Client Component Browser]
    ./app/(customer)/store/[storeId]/games/play/page.tsx [Server Component]

  Client Component SSR:
    ./src/game/GameManager.ts [Client Component SSR]
    ./src/components/game/GameContainer.tsx [Client Component SSR]
    ./app/(customer)/store/[storeId]/games/play/page.tsx [Client Component SSR]
    ./app/(customer)/store/[storeId]/games/play/page.tsx [Server Component]


./src/game/config.ts:6:1
Export default doesn't exist in target module
[0m [90m 4 |[39m [90m */[39m
 [90m 5 |[39m
[31m[1m>[22m[39m[90m 6 |[39m [36mimport[39m [33mPhaser[39m [36mfrom[39m [32m'phaser'[39m[33m;[39m
 [90m   |[39m [31m[1m^[22m[39m[31m[1m^[22m[39m[31m[1m^[22m[39m[31m[1m^[22m[39m[31m[1m^[22m[39m[31m[1m^[22m[39m[31m[1m^[22m[39m[31m[1m^[22m[39m[31m[1m^[22m[39m[31m[1m^[22m[39m[31m[1m^[22m[39m[31m[1m^[22m[39m[31m[1m^[22m[39m[31m[1m^[22m[39m[31m[1m^[22m[39m[31m[1m^[22m[39m[31m[1m^[22m[39m[31m[1m^[22m[39m[31m[1m^[22m[39m[31m[1m^[22m[39m[31m[1m^[22m[39m[31m[1m^[22m[39m[31m[1m^[22m[39m[31m[1m^[22m[39m[31m[1m^[22m[39m[31m[1m^[22m[39m[31m[1m^[22m[39m[31m[1m^[22m[39m
 [90m 7 |[39m
 [90m 8 |[39m [36mexport[39m [36mconst[39m [33mGAME_CONFIG[39m [33m=[39m {
 [90m 9 |[39m   width[33m:[39m [35m800[39m[33m,[39m[0m

The export default was not found in module [project]/node_modules/phaser/dist/phaser.esm.js [app-ssr] (ecmascript).
Did you mean to import Create?
All exports of the module are statically known (It doesn't have dynamic exports). So it's known statically that the requested export doesn't exist.

Import traces:
  Client Component Browser:
    ./src/game/config.ts [Client Component Browser]
    ./src/game/GameManager.ts [Client Component Browser]
    ./src/components/game/GameContainer.tsx [Client Component Browser]
    ./app/(customer)/store/[storeId]/games/play/page.tsx [Client Component Browser]
    ./app/(customer)/store/[storeId]/games/play/page.tsx [Server Component]

  Client Component SSR:
    ./src/game/config.ts [Client Component SSR]
    ./src/game/GameManager.ts [Client Component SSR]
    ./src/components/game/GameContainer.tsx [Client Component SSR]
    ./app/(customer)/store/[storeId]/games/play/page.tsx [Client Component SSR]
    ./app/(customer)/store/[storeId]/games/play/page.tsx [Server Component]


./src/game/scenes/MatchScene.ts:6:1
Export default doesn't exist in target module
[0m [90m 4 |[39m [90m */[39m
 [90m 5 |[39m
[31m[1m>[22m[39m[90m 6 |[39m [36mimport[39m [33mPhaser[39m [36mfrom[39m [32m'phaser'[39m[33m;[39m
 [90m   |[39m [31m[1m^[22m[39m[31m[1m^[22m[39m[31m[1m^[22m[39m[31m[1m^[22m[39m[31m[1m^[22m[39m[31m[1m^[22m[39m[31m[1m^[22m[39m[31m[1m^[22m[39m[31m[1m^[22m[39m[31m[1m^[22m[39m[31m[1m^[22m[39m[31m[1m^[22m[39m[31m[1m^[22m[39m[31m[1m^[22m[39m[31m[1m^[22m[39m[31m[1m^[22m[39m[31m[1m^[22m[39m[31m[1m^[22m[39m[31m[1m^[22m[39m[31m[1m^[22m[39m[31m[1m^[22m[39m[31m[1m^[22m[39m[31m[1m^[22m[39m[31m[1m^[22m[39m[31m[1m^[22m[39m[31m[1m^[22m[39m[31m[1m^[22m[39m[31m[1m^[22m[39m
 [90m 7 |[39m [36mimport[39m { [33mCOLORS[39m } [36mfrom[39m [32m'../config'[39m[33m;[39m
 [90m 8 |[39m
 [90m 9 |[39m [36mexport[39m [36mclass[39m [33mMatchScene[39m [36mextends[39m [33mPhaser[39m[33m.[39m[33mScene[39m {[0m

The export default was not found in module [project]/node_modules/phaser/dist/phaser.esm.js [app-ssr] (ecmascript).
Did you mean to import Create?
All exports of the module are statically known (It doesn't have dynamic exports). So it's known statically that the requested export doesn't exist.

Import traces:
  Client Component Browser:
    ./src/game/scenes/MatchScene.ts [Client Component Browser]
    ./src/game/GameManager.ts [Client Component Browser]
    ./src/components/game/GameContainer.tsx [Client Component Browser]
    ./app/(customer)/store/[storeId]/games/play/page.tsx [Client Component Browser]
    ./app/(customer)/store/[storeId]/games/play/page.tsx [Server Component]

  Client Component SSR:
    ./src/game/scenes/MatchScene.ts [Client Component SSR]
    ./src/game/GameManager.ts [Client Component SSR]
    ./src/components/game/GameContainer.tsx [Client Component SSR]
    ./app/(customer)/store/[storeId]/games/play/page.tsx [Client Component SSR]
    ./app/(customer)/store/[storeId]/games/play/page.tsx [Server Component]


./src/game/scenes/PinballScene.ts:6:1
Export default doesn't exist in target module
[0m [90m 4 |[39m [90m */[39m
 [90m 5 |[39m
[31m[1m>[22m[39m[90m 6 |[39m [36mimport[39m [33mPhaser[39m [36mfrom[39m [32m'phaser'[39m[33m;[39m
 [90m   |[39m [31m[1m^[22m[39m[31m[1m^[22m[39m[31m[1m^[22m[39m[31m[1m^[22m[39m[31m[1m^[22m[39m[31m[1m^[22m[39m[31m[1m^[22m[39m[31m[1m^[22m[39m[31m[1m^[22m[39m[31m[1m^[22m[39m[31m[1m^[22m[39m[31m[1m^[22m[39m[31m[1m^[22m[39m[31m[1m^[22m[39m[31m[1m^[22m[39m[31m[1m^[22m[39m[31m[1m^[22m[39m[31m[1m^[22m[39m[31m[1m^[22m[39m[31m[1m^[22m[39m[31m[1m^[22m[39m[31m[1m^[22m[39m[31m[1m^[22m[39m[31m[1m^[22m[39m[31m[1m^[22m[39m[31m[1m^[22m[39m[31m[1m^[22m[39m[31m[1m^[22m[39m
 [90m 7 |[39m [36mimport[39m { [33mCOLORS[39m } [36mfrom[39m [32m'../config'[39m[33m;[39m
 [90m 8 |[39m
 [90m 9 |[39m [36mexport[39m [36mclass[39m [33mPinballScene[39m [36mextends[39m [33mPhaser[39m[33m.[39m[33mScene[39m {[0m

The export default was not found in module [project]/node_modules/phaser/dist/phaser.esm.js [app-ssr] (ecmascript).
Did you mean to import Create?
All exports of the module are statically known (It doesn't have dynamic exports). So it's known statically that the requested export doesn't exist.

Import traces:
  Client Component Browser:
    ./src/game/scenes/PinballScene.ts [Client Component Browser]
    ./src/game/GameManager.ts [Client Component Browser]
    ./src/components/game/GameContainer.tsx [Client Component Browser]
    ./app/(customer)/store/[storeId]/games/play/page.tsx [Client Component Browser]
    ./app/(customer)/store/[storeId]/games/play/page.tsx [Server Component]

  Client Component SSR:
    ./src/game/scenes/PinballScene.ts [Client Component SSR]
    ./src/game/GameManager.ts [Client Component SSR]
    ./src/components/game/GameContainer.tsx [Client Component SSR]
    ./app/(customer)/store/[storeId]/games/play/page.tsx [Client Component SSR]
    ./app/(customer)/store/[storeId]/games/play/page.tsx [Server Component]


./src/game/scenes/SpotScene.ts:6:1
Export default doesn't exist in target module
[0m [90m 4 |[39m [90m */[39m
 [90m 5 |[39m
[31m[1m>[22m[39m[90m 6 |[39m [36mimport[39m [33mPhaser[39m [36mfrom[39m [32m'phaser'[39m[33m;[39m
 [90m   |[39m [31m[1m^[22m[39m[31m[1m^[22m[39m[31m[1m^[22m[39m[31m[1m^[22m[39m[31m[1m^[22m[39m[31m[1m^[22m[39m[31m[1m^[22m[39m[31m[1m^[22m[39m[31m[1m^[22m[39m[31m[1m^[22m[39m[31m[1m^[22m[39m[31m[1m^[22m[39m[31m[1m^[22m[39m[31m[1m^[22m[39m[31m[1m^[22m[39m[31m[1m^[22m[39m[31m[1m^[22m[39m[31m[1m^[22m[39m[31m[1m^[22m[39m[31m[1m^[22m[39m[31m[1m^[22m[39m[31m[1m^[22m[39m[31m[1m^[22m[39m[31m[1m^[22m[39m[31m[1m^[22m[39m[31m[1m^[22m[39m[31m[1m^[22m[39m[31m[1m^[22m[39m
 [90m 7 |[39m [36mimport[39m { [33mCOLORS[39m } [36mfrom[39m [32m'../config'[39m[33m;[39m
 [90m 8 |[39m
 [90m 9 |[39m [36mexport[39m [36mclass[39m [33mSpotScene[39m [36mextends[39m [33mPhaser[39m[33m.[39m[33mScene[39m {[0m

The export default was not found in module [project]/node_modules/phaser/dist/phaser.esm.js [app-ssr] (ecmascript).
Did you mean to import Create?
All exports of the module are statically known (It doesn't have dynamic exports). So it's known statically that the requested export doesn't exist.

Import traces:
  Client Component Browser:
    ./src/game/scenes/SpotScene.ts [Client Component Browser]
    ./src/game/GameManager.ts [Client Component Browser]
    ./src/components/game/GameContainer.tsx [Client Component Browser]
    ./app/(customer)/store/[storeId]/games/play/page.tsx [Client Component Browser]
    ./app/(customer)/store/[storeId]/games/play/page.tsx [Server Component]

  Client Component SSR:
    ./src/game/scenes/SpotScene.ts [Client Component SSR]
    ./src/game/GameManager.ts [Client Component SSR]
    ./src/components/game/GameContainer.tsx [Client Component SSR]
    ./app/(customer)/store/[storeId]/games/play/page.tsx [Client Component SSR]
    ./app/(customer)/store/[storeId]/games/play/page.tsx [Server Component]


    at <unknown> (./src/game/GameManager.ts:5:1)
    at <unknown> (./src/game/config.ts:6:1)
    at <unknown> (./src/game/scenes/MatchScene.ts:6:1)
    at <unknown> (./src/game/scenes/PinballScene.ts:6:1)
    at <unknown> (./src/game/scenes/SpotScene.ts:6:1)
